Analysis & Synthesis report for eicherbe_etch
Tue Nov 22 13:42:12 2022
Quartus Prime Version 16.1.0 Build 196 10/24/2016 SJ Lite Edition


---------------------
; Table of Contents ;
---------------------
  1. Legal Notice
  2. Analysis & Synthesis Summary
  3. Analysis & Synthesis Settings
  4. Parallel Compilation
  5. Analysis & Synthesis Source Files Read
  6. Analysis & Synthesis Resource Usage Summary
  7. Analysis & Synthesis Resource Utilization by Entity
  8. Analysis & Synthesis RAM Summary
  9. Analysis & Synthesis IP Cores Summary
 10. Registers Removed During Synthesis
 11. Removed Registers Triggering Further Register Optimizations
 12. General Register Statistics
 13. Inverted Register Statistics
 14. Source assignments for memory:mem1|altsyncram:altsyncram_component|altsyncram_6pn1:auto_generated
 15. Source assignments for memory:mem2|altsyncram:altsyncram_component|altsyncram_6pn1:auto_generated
 16. Source assignments for memory:mem3|altsyncram:altsyncram_component|altsyncram_6pn1:auto_generated
 17. Parameter Settings for User Entity Instance: memory:mem1|altsyncram:altsyncram_component
 18. Parameter Settings for User Entity Instance: memory:mem2|altsyncram:altsyncram_component
 19. Parameter Settings for User Entity Instance: memory:mem3|altsyncram:altsyncram_component
 20. altsyncram Parameter Settings by Entity Instance
 21. Port Connectivity Checks: "memory:mem3"
 22. Port Connectivity Checks: "memory:mem2"
 23. Port Connectivity Checks: "memory:mem1"
 24. Port Connectivity Checks: "vga:disp"
 25. Post-Synthesis Netlist Statistics for Top Partition
 26. Elapsed Time Per Partition
 27. Analysis & Synthesis Messages



----------------
; Legal Notice ;
----------------
Copyright (C) 2016  Intel Corporation. All rights reserved.
Your use of Intel Corporation's design tools, logic functions 
and other software and tools, and its AMPP partner logic 
functions, and any output files from any of the foregoing 
(including device programming or simulation files), and any 
associated documentation or information are expressly subject 
to the terms and conditions of the Intel Program License 
Subscription Agreement, the Intel Quartus Prime License Agreement,
the Intel MegaCore Function License Agreement, or other 
applicable license agreement, including, without limitation, 
that your use is for the sole purpose of programming logic 
devices manufactured by Intel and sold by Intel or its 
authorized distributors.  Please refer to the applicable 
agreement for further details.



+----------------------------------------------------------------------------------+
; Analysis & Synthesis Summary                                                     ;
+------------------------------------+---------------------------------------------+
; Analysis & Synthesis Status        ; Successful - Tue Nov 22 13:42:12 2022       ;
; Quartus Prime Version              ; 16.1.0 Build 196 10/24/2016 SJ Lite Edition ;
; Revision Name                      ; eicherbe_etch                               ;
; Top-level Entity Name              ; eicherbe_etch                               ;
; Family                             ; Cyclone IV E                                ;
; Total logic elements               ; 179                                         ;
;     Total combinational functions  ; 152                                         ;
;     Dedicated logic registers      ; 101                                         ;
; Total registers                    ; 101                                         ;
; Total pins                         ; 38                                          ;
; Total virtual pins                 ; 0                                           ;
; Total memory bits                  ; 49,152                                      ;
; Embedded Multiplier 9-bit elements ; 0                                           ;
; Total PLLs                         ; 0                                           ;
+------------------------------------+---------------------------------------------+


+----------------------------------------------------------------------------------------------------------------------+
; Analysis & Synthesis Settings                                                                                        ;
+----------------------------------------------------------------------------+--------------------+--------------------+
; Option                                                                     ; Setting            ; Default Value      ;
+----------------------------------------------------------------------------+--------------------+--------------------+
; Device                                                                     ; EP4CE115F29C7      ;                    ;
; Top-level entity name                                                      ; eicherbe_etch      ; eicherbe_etch      ;
; Family name                                                                ; Cyclone IV E       ; Cyclone V          ;
; Use smart compilation                                                      ; Off                ; Off                ;
; Enable parallel Assembler and TimeQuest Timing Analyzer during compilation ; On                 ; On                 ;
; Enable compact report table                                                ; Off                ; Off                ;
; Restructure Multiplexers                                                   ; Auto               ; Auto               ;
; Create Debugging Nodes for IP Cores                                        ; Off                ; Off                ;
; Preserve fewer node names                                                  ; On                 ; On                 ;
; OpenCore Plus hardware evaluation                                          ; Enable             ; Enable             ;
; Verilog Version                                                            ; Verilog_2001       ; Verilog_2001       ;
; VHDL Version                                                               ; VHDL_1993          ; VHDL_1993          ;
; State Machine Processing                                                   ; Auto               ; Auto               ;
; Safe State Machine                                                         ; Off                ; Off                ;
; Extract Verilog State Machines                                             ; On                 ; On                 ;
; Extract VHDL State Machines                                                ; On                 ; On                 ;
; Ignore Verilog initial constructs                                          ; Off                ; Off                ;
; Iteration limit for constant Verilog loops                                 ; 5000               ; 5000               ;
; Iteration limit for non-constant Verilog loops                             ; 250                ; 250                ;
; Add Pass-Through Logic to Inferred RAMs                                    ; On                 ; On                 ;
; Infer RAMs from Raw Logic                                                  ; On                 ; On                 ;
; Parallel Synthesis                                                         ; On                 ; On                 ;
; DSP Block Balancing                                                        ; Auto               ; Auto               ;
; NOT Gate Push-Back                                                         ; On                 ; On                 ;
; Power-Up Don't Care                                                        ; On                 ; On                 ;
; Remove Redundant Logic Cells                                               ; Off                ; Off                ;
; Remove Duplicate Registers                                                 ; On                 ; On                 ;
; Ignore CARRY Buffers                                                       ; Off                ; Off                ;
; Ignore CASCADE Buffers                                                     ; Off                ; Off                ;
; Ignore GLOBAL Buffers                                                      ; Off                ; Off                ;
; Ignore ROW GLOBAL Buffers                                                  ; Off                ; Off                ;
; Ignore LCELL Buffers                                                       ; Off                ; Off                ;
; Ignore SOFT Buffers                                                        ; On                 ; On                 ;
; Limit AHDL Integers to 32 Bits                                             ; Off                ; Off                ;
; Optimization Technique                                                     ; Balanced           ; Balanced           ;
; Carry Chain Length                                                         ; 70                 ; 70                 ;
; Auto Carry Chains                                                          ; On                 ; On                 ;
; Auto Open-Drain Pins                                                       ; On                 ; On                 ;
; Perform WYSIWYG Primitive Resynthesis                                      ; Off                ; Off                ;
; Auto ROM Replacement                                                       ; On                 ; On                 ;
; Auto RAM Replacement                                                       ; On                 ; On                 ;
; Auto DSP Block Replacement                                                 ; On                 ; On                 ;
; Auto Shift Register Replacement                                            ; Auto               ; Auto               ;
; Allow Shift Register Merging across Hierarchies                            ; Auto               ; Auto               ;
; Auto Clock Enable Replacement                                              ; On                 ; On                 ;
; Strict RAM Replacement                                                     ; Off                ; Off                ;
; Allow Synchronous Control Signals                                          ; On                 ; On                 ;
; Force Use of Synchronous Clear Signals                                     ; Off                ; Off                ;
; Auto RAM Block Balancing                                                   ; On                 ; On                 ;
; Auto RAM to Logic Cell Conversion                                          ; Off                ; Off                ;
; Auto Resource Sharing                                                      ; Off                ; Off                ;
; Allow Any RAM Size For Recognition                                         ; Off                ; Off                ;
; Allow Any ROM Size For Recognition                                         ; Off                ; Off                ;
; Allow Any Shift Register Size For Recognition                              ; Off                ; Off                ;
; Use LogicLock Constraints during Resource Balancing                        ; On                 ; On                 ;
; Ignore translate_off and synthesis_off directives                          ; Off                ; Off                ;
; Timing-Driven Synthesis                                                    ; On                 ; On                 ;
; Report Parameter Settings                                                  ; On                 ; On                 ;
; Report Source Assignments                                                  ; On                 ; On                 ;
; Report Connectivity Checks                                                 ; On                 ; On                 ;
; Ignore Maximum Fan-Out Assignments                                         ; Off                ; Off                ;
; Synchronization Register Chain Length                                      ; 2                  ; 2                  ;
; PowerPlay Power Optimization During Synthesis                              ; Normal compilation ; Normal compilation ;
; HDL message level                                                          ; Level2             ; Level2             ;
; Suppress Register Optimization Related Messages                            ; Off                ; Off                ;
; Number of Removed Registers Reported in Synthesis Report                   ; 5000               ; 5000               ;
; Number of Swept Nodes Reported in Synthesis Report                         ; 5000               ; 5000               ;
; Number of Inverted Registers Reported in Synthesis Report                  ; 100                ; 100                ;
; Clock MUX Protection                                                       ; On                 ; On                 ;
; Auto Gated Clock Conversion                                                ; Off                ; Off                ;
; Block Design Naming                                                        ; Auto               ; Auto               ;
; SDC constraint protection                                                  ; Off                ; Off                ;
; Synthesis Effort                                                           ; Auto               ; Auto               ;
; Shift Register Replacement - Allow Asynchronous Clear Signal               ; On                 ; On                 ;
; Pre-Mapping Resynthesis Optimization                                       ; Off                ; Off                ;
; Analysis & Synthesis Message Level                                         ; Medium             ; Medium             ;
; Disable Register Merging Across Hierarchies                                ; Auto               ; Auto               ;
; Resource Aware Inference For Block RAM                                     ; On                 ; On                 ;
+----------------------------------------------------------------------------+--------------------+--------------------+


+------------------------------------------+
; Parallel Compilation                     ;
+----------------------------+-------------+
; Processors                 ; Number      ;
+----------------------------+-------------+
; Number detected on machine ; 8           ;
; Maximum allowed            ; 4           ;
;                            ;             ;
; Average used               ; 1.00        ;
; Maximum used               ; 4           ;
;                            ;             ;
; Usage by Processor         ; % Time Used ;
;     Processor 1            ; 100.0%      ;
;     Processors 2-4         ;   0.0%      ;
+----------------------------+-------------+


+----------------------------------------------------------------------------------------------------------------------------------------------------------------------------+
; Analysis & Synthesis Source Files Read                                                                                                                                     ;
+----------------------------------+-----------------+------------------------------+------------------------------------------------------------------------------+---------+
; File Name with User-Entered Path ; Used in Netlist ; File Type                    ; File Name with Absolute Path                                                 ; Library ;
+----------------------------------+-----------------+------------------------------+------------------------------------------------------------------------------+---------+
; double_counter_800x525.v         ; yes             ; User Verilog HDL File        ; M:/ECE287/EtchASketch/Project/double_counter_800x525.v                       ;         ;
; vga.v                            ; yes             ; User Verilog HDL File        ; M:/ECE287/EtchASketch/Project/vga.v                                          ;         ;
; eicherbe_etch.v                  ; yes             ; User Verilog HDL File        ; M:/ECE287/EtchASketch/Project/eicherbe_etch.v                                ;         ;
; memory.v                         ; yes             ; User Wizard-Generated File   ; M:/ECE287/EtchASketch/Project/memory.v                                       ;         ;
; altsyncram.tdf                   ; yes             ; Megafunction                 ; c:/intelfpga_lite/16.1/quartus/libraries/megafunctions/altsyncram.tdf        ;         ;
; stratix_ram_block.inc            ; yes             ; Megafunction                 ; c:/intelfpga_lite/16.1/quartus/libraries/megafunctions/stratix_ram_block.inc ;         ;
; lpm_mux.inc                      ; yes             ; Megafunction                 ; c:/intelfpga_lite/16.1/quartus/libraries/megafunctions/lpm_mux.inc           ;         ;
; lpm_decode.inc                   ; yes             ; Megafunction                 ; c:/intelfpga_lite/16.1/quartus/libraries/megafunctions/lpm_decode.inc        ;         ;
; aglobal161.inc                   ; yes             ; Megafunction                 ; c:/intelfpga_lite/16.1/quartus/libraries/megafunctions/aglobal161.inc        ;         ;
; a_rdenreg.inc                    ; yes             ; Megafunction                 ; c:/intelfpga_lite/16.1/quartus/libraries/megafunctions/a_rdenreg.inc         ;         ;
; altrom.inc                       ; yes             ; Megafunction                 ; c:/intelfpga_lite/16.1/quartus/libraries/megafunctions/altrom.inc            ;         ;
; altram.inc                       ; yes             ; Megafunction                 ; c:/intelfpga_lite/16.1/quartus/libraries/megafunctions/altram.inc            ;         ;
; altdpram.inc                     ; yes             ; Megafunction                 ; c:/intelfpga_lite/16.1/quartus/libraries/megafunctions/altdpram.inc          ;         ;
; db/altsyncram_6pn1.tdf           ; yes             ; Auto-Generated Megafunction  ; M:/ECE287/EtchASketch/Project/db/altsyncram_6pn1.tdf                         ;         ;
; db/decode_msa.tdf                ; yes             ; Auto-Generated Megafunction  ; M:/ECE287/EtchASketch/Project/db/decode_msa.tdf                              ;         ;
; db/decode_f8a.tdf                ; yes             ; Auto-Generated Megafunction  ; M:/ECE287/EtchASketch/Project/db/decode_f8a.tdf                              ;         ;
; db/mux_vmb.tdf                   ; yes             ; Auto-Generated Megafunction  ; M:/ECE287/EtchASketch/Project/db/mux_vmb.tdf                                 ;         ;
+----------------------------------+-----------------+------------------------------+------------------------------------------------------------------------------+---------+


+---------------------------------------------------------+
; Analysis & Synthesis Resource Usage Summary             ;
+---------------------------------------------+-----------+
; Resource                                    ; Usage     ;
+---------------------------------------------+-----------+
; Estimated Total logic elements              ; 179       ;
;                                             ;           ;
; Total combinational functions               ; 152       ;
; Logic element usage by number of LUT inputs ;           ;
;     -- 4 input functions                    ; 21        ;
;     -- 3 input functions                    ; 36        ;
;     -- <=2 input functions                  ; 95        ;
;                                             ;           ;
; Logic elements by mode                      ;           ;
;     -- normal mode                          ; 68        ;
;     -- arithmetic mode                      ; 84        ;
;                                             ;           ;
; Total registers                             ; 101       ;
;     -- Dedicated logic registers            ; 101       ;
;     -- I/O registers                        ; 0         ;
;                                             ;           ;
; I/O pins                                    ; 38        ;
; Total memory bits                           ; 49152     ;
;                                             ;           ;
; Embedded Multiplier 9-bit elements          ; 0         ;
;                                             ;           ;
; Maximum fan-out node                        ; rst~input ;
; Maximum fan-out                             ; 99        ;
; Total fan-out                               ; 938       ;
; Average fan-out                             ; 2.80      ;
+---------------------------------------------+-----------+


+-----------------------------------------------------------------------------------------------------------------------------------------------------------------------------------------------------------------------------------------------------------------------------------------------------------------------------+
; Analysis & Synthesis Resource Utilization by Entity                                                                                                                                                                                                                                                                         ;
+-------------------------------------------+---------------------+---------------------------+-------------+--------------+---------+-----------+------+--------------+--------------------------------------------------------------------------------------------------------------+------------------------+--------------+
; Compilation Hierarchy Node                ; Combinational ALUTs ; Dedicated Logic Registers ; Memory Bits ; DSP Elements ; DSP 9x9 ; DSP 18x18 ; Pins ; Virtual Pins ; Full Hierarchy Name                                                                                          ; Entity Name            ; Library Name ;
+-------------------------------------------+---------------------+---------------------------+-------------+--------------+---------+-----------+------+--------------+--------------------------------------------------------------------------------------------------------------+------------------------+--------------+
; |eicherbe_etch                            ; 152 (100)           ; 101 (47)                  ; 49152       ; 0            ; 0       ; 0         ; 38   ; 0            ; |eicherbe_etch                                                                                               ; eicherbe_etch          ; work         ;
;    |memory:mem1|                          ; 3 (0)               ; 2 (0)                     ; 16384       ; 0            ; 0       ; 0         ; 0    ; 0            ; |eicherbe_etch|memory:mem1                                                                                   ; memory                 ; work         ;
;       |altsyncram:altsyncram_component|   ; 3 (0)               ; 2 (0)                     ; 16384       ; 0            ; 0       ; 0         ; 0    ; 0            ; |eicherbe_etch|memory:mem1|altsyncram:altsyncram_component                                                   ; altsyncram             ; work         ;
;          |altsyncram_6pn1:auto_generated| ; 3 (0)               ; 2 (2)                     ; 16384       ; 0            ; 0       ; 0         ; 0    ; 0            ; |eicherbe_etch|memory:mem1|altsyncram:altsyncram_component|altsyncram_6pn1:auto_generated                    ; altsyncram_6pn1        ; work         ;
;             |decode_msa:decode2|          ; 2 (2)               ; 0 (0)                     ; 0           ; 0            ; 0       ; 0         ; 0    ; 0            ; |eicherbe_etch|memory:mem1|altsyncram:altsyncram_component|altsyncram_6pn1:auto_generated|decode_msa:decode2 ; decode_msa             ; work         ;
;             |mux_vmb:mux3|                ; 1 (1)               ; 0 (0)                     ; 0           ; 0            ; 0       ; 0         ; 0    ; 0            ; |eicherbe_etch|memory:mem1|altsyncram:altsyncram_component|altsyncram_6pn1:auto_generated|mux_vmb:mux3       ; mux_vmb                ; work         ;
;    |memory:mem2|                          ; 3 (0)               ; 0 (0)                     ; 16384       ; 0            ; 0       ; 0         ; 0    ; 0            ; |eicherbe_etch|memory:mem2                                                                                   ; memory                 ; work         ;
;       |altsyncram:altsyncram_component|   ; 3 (0)               ; 0 (0)                     ; 16384       ; 0            ; 0       ; 0         ; 0    ; 0            ; |eicherbe_etch|memory:mem2|altsyncram:altsyncram_component                                                   ; altsyncram             ; work         ;
;          |altsyncram_6pn1:auto_generated| ; 3 (0)               ; 0 (0)                     ; 16384       ; 0            ; 0       ; 0         ; 0    ; 0            ; |eicherbe_etch|memory:mem2|altsyncram:altsyncram_component|altsyncram_6pn1:auto_generated                    ; altsyncram_6pn1        ; work         ;
;             |decode_msa:decode2|          ; 2 (2)               ; 0 (0)                     ; 0           ; 0            ; 0       ; 0         ; 0    ; 0            ; |eicherbe_etch|memory:mem2|altsyncram:altsyncram_component|altsyncram_6pn1:auto_generated|decode_msa:decode2 ; decode_msa             ; work         ;
;             |mux_vmb:mux3|                ; 1 (1)               ; 0 (0)                     ; 0           ; 0            ; 0       ; 0         ; 0    ; 0            ; |eicherbe_etch|memory:mem2|altsyncram:altsyncram_component|altsyncram_6pn1:auto_generated|mux_vmb:mux3       ; mux_vmb                ; work         ;
;    |memory:mem3|                          ; 3 (0)               ; 0 (0)                     ; 16384       ; 0            ; 0       ; 0         ; 0    ; 0            ; |eicherbe_etch|memory:mem3                                                                                   ; memory                 ; work         ;
;       |altsyncram:altsyncram_component|   ; 3 (0)               ; 0 (0)                     ; 16384       ; 0            ; 0       ; 0         ; 0    ; 0            ; |eicherbe_etch|memory:mem3|altsyncram:altsyncram_component                                                   ; altsyncram             ; work         ;
;          |altsyncram_6pn1:auto_generated| ; 3 (0)               ; 0 (0)                     ; 16384       ; 0            ; 0       ; 0         ; 0    ; 0            ; |eicherbe_etch|memory:mem3|altsyncram:altsyncram_component|altsyncram_6pn1:auto_generated                    ; altsyncram_6pn1        ; work         ;
;             |decode_msa:decode2|          ; 2 (2)               ; 0 (0)                     ; 0           ; 0            ; 0       ; 0         ; 0    ; 0            ; |eicherbe_etch|memory:mem3|altsyncram:altsyncram_component|altsyncram_6pn1:auto_generated|decode_msa:decode2 ; decode_msa             ; work         ;
;             |mux_vmb:mux3|                ; 1 (1)               ; 0 (0)                     ; 0           ; 0            ; 0       ; 0         ; 0    ; 0            ; |eicherbe_etch|memory:mem3|altsyncram:altsyncram_component|altsyncram_6pn1:auto_generated|mux_vmb:mux3       ; mux_vmb                ; work         ;
;    |vga:disp|                             ; 43 (10)             ; 52 (32)                   ; 0           ; 0            ; 0       ; 0         ; 0    ; 0            ; |eicherbe_etch|vga:disp                                                                                      ; vga                    ; work         ;
;       |double_counter_800x525:counter|    ; 33 (33)             ; 20 (20)                   ; 0           ; 0            ; 0       ; 0         ; 0    ; 0            ; |eicherbe_etch|vga:disp|double_counter_800x525:counter                                                       ; double_counter_800x525 ; work         ;
+-------------------------------------------+---------------------+---------------------------+-------------+--------------+---------+-----------+------+--------------+--------------------------------------------------------------------------------------------------------------+------------------------+--------------+
Note: For table entries with two numbers listed, the numbers in parentheses indicate the number of resources of the given type used by the specific entity alone. The numbers listed outside of parentheses indicate the total resources of the given type used by the specific entity and all of its sub-entities in the hierarchy.


+--------------------------------------------------------------------------------------------------------------------------------------------------------------------------------------------+
; Analysis & Synthesis RAM Summary                                                                                                                                                           ;
+---------------------------------------------------------------------------------------+------+------------------+--------------+--------------+--------------+--------------+-------+------+
; Name                                                                                  ; Type ; Mode             ; Port A Depth ; Port A Width ; Port B Depth ; Port B Width ; Size  ; MIF  ;
+---------------------------------------------------------------------------------------+------+------------------+--------------+--------------+--------------+--------------+-------+------+
; memory:mem1|altsyncram:altsyncram_component|altsyncram_6pn1:auto_generated|ALTSYNCRAM ; AUTO ; Simple Dual Port ; 32768        ; 1            ; 32768        ; 1            ; 32768 ; None ;
; memory:mem2|altsyncram:altsyncram_component|altsyncram_6pn1:auto_generated|ALTSYNCRAM ; AUTO ; Simple Dual Port ; 32768        ; 1            ; 32768        ; 1            ; 32768 ; None ;
; memory:mem3|altsyncram:altsyncram_component|altsyncram_6pn1:auto_generated|ALTSYNCRAM ; AUTO ; Simple Dual Port ; 32768        ; 1            ; 32768        ; 1            ; 32768 ; None ;
+---------------------------------------------------------------------------------------+------+------------------+--------------+--------------+--------------+--------------+-------+------+


+--------------------------------------------------------------------------------------------------------------+
; Analysis & Synthesis IP Cores Summary                                                                        ;
+--------+--------------+---------+--------------+--------------+----------------------------+-----------------+
; Vendor ; IP Core Name ; Version ; Release Date ; License Type ; Entity Instance            ; IP Include File ;
+--------+--------------+---------+--------------+--------------+----------------------------+-----------------+
; Altera ; RAM: 2-PORT  ; 16.1    ; N/A          ; N/A          ; |eicherbe_etch|memory:mem1 ; memory.v        ;
; Altera ; RAM: 2-PORT  ; 16.1    ; N/A          ; N/A          ; |eicherbe_etch|memory:mem2 ; memory.v        ;
; Altera ; RAM: 2-PORT  ; 16.1    ; N/A          ; N/A          ; |eicherbe_etch|memory:mem3 ; memory.v        ;
+--------+--------------+---------+--------------+--------------+----------------------------+-----------------+


+---------------------------------------------------------------------------------------------------------------------------------------------------------------------------------------------------------------+
; Registers Removed During Synthesis                                                                                                                                                                            ;
+-------------------------------------------------------------------------------------------------+-------------------------------------------------------------------------------------------------------------+
; Register name                                                                                   ; Reason for Removal                                                                                          ;
+-------------------------------------------------------------------------------------------------+-------------------------------------------------------------------------------------------------------------+
; memory:mem3|altsyncram:altsyncram_component|altsyncram_6pn1:auto_generated|address_reg_b[1]     ; Stuck at GND due to stuck port data_in                                                                      ;
; memory:mem3|altsyncram:altsyncram_component|altsyncram_6pn1:auto_generated|out_address_reg_b[1] ; Stuck at GND due to stuck port data_in                                                                      ;
; memory:mem2|altsyncram:altsyncram_component|altsyncram_6pn1:auto_generated|address_reg_b[1]     ; Stuck at GND due to stuck port data_in                                                                      ;
; memory:mem2|altsyncram:altsyncram_component|altsyncram_6pn1:auto_generated|out_address_reg_b[1] ; Stuck at GND due to stuck port data_in                                                                      ;
; memory:mem1|altsyncram:altsyncram_component|altsyncram_6pn1:auto_generated|address_reg_b[1]     ; Stuck at GND due to stuck port data_in                                                                      ;
; memory:mem1|altsyncram:altsyncram_component|altsyncram_6pn1:auto_generated|out_address_reg_b[1] ; Stuck at GND due to stuck port data_in                                                                      ;
; r[0..6]                                                                                         ; Merged with r[7]                                                                                            ;
; g[0..7]                                                                                         ; Merged with r[7]                                                                                            ;
; b[0..7]                                                                                         ; Merged with r[7]                                                                                            ;
; memory:mem2|altsyncram:altsyncram_component|altsyncram_6pn1:auto_generated|out_address_reg_b[0] ; Merged with memory:mem1|altsyncram:altsyncram_component|altsyncram_6pn1:auto_generated|out_address_reg_b[0] ;
; memory:mem3|altsyncram:altsyncram_component|altsyncram_6pn1:auto_generated|out_address_reg_b[0] ; Merged with memory:mem1|altsyncram:altsyncram_component|altsyncram_6pn1:auto_generated|out_address_reg_b[0] ;
; memory:mem2|altsyncram:altsyncram_component|altsyncram_6pn1:auto_generated|address_reg_b[0]     ; Merged with memory:mem1|altsyncram:altsyncram_component|altsyncram_6pn1:auto_generated|address_reg_b[0]     ;
; memory:mem3|altsyncram:altsyncram_component|altsyncram_6pn1:auto_generated|address_reg_b[0]     ; Merged with memory:mem1|altsyncram:altsyncram_component|altsyncram_6pn1:auto_generated|address_reg_b[0]     ;
; Total Number of Removed Registers = 33                                                          ;                                                                                                             ;
+-------------------------------------------------------------------------------------------------+-------------------------------------------------------------------------------------------------------------+


+---------------------------------------------------------------------------------------------------------------------------------------------------------------------------------------------------------------------------+
; Removed Registers Triggering Further Register Optimizations                                                                                                                                                               ;
+---------------------------------------------------------------------------------------------+---------------------------+-------------------------------------------------------------------------------------------------+
; Register name                                                                               ; Reason for Removal        ; Registers Removed due to This Register                                                          ;
+---------------------------------------------------------------------------------------------+---------------------------+-------------------------------------------------------------------------------------------------+
; memory:mem3|altsyncram:altsyncram_component|altsyncram_6pn1:auto_generated|address_reg_b[1] ; Stuck at GND              ; memory:mem3|altsyncram:altsyncram_component|altsyncram_6pn1:auto_generated|out_address_reg_b[1] ;
;                                                                                             ; due to stuck port data_in ;                                                                                                 ;
; memory:mem2|altsyncram:altsyncram_component|altsyncram_6pn1:auto_generated|address_reg_b[1] ; Stuck at GND              ; memory:mem2|altsyncram:altsyncram_component|altsyncram_6pn1:auto_generated|out_address_reg_b[1] ;
;                                                                                             ; due to stuck port data_in ;                                                                                                 ;
; memory:mem1|altsyncram:altsyncram_component|altsyncram_6pn1:auto_generated|address_reg_b[1] ; Stuck at GND              ; memory:mem1|altsyncram:altsyncram_component|altsyncram_6pn1:auto_generated|out_address_reg_b[1] ;
;                                                                                             ; due to stuck port data_in ;                                                                                                 ;
+---------------------------------------------------------------------------------------------+---------------------------+-------------------------------------------------------------------------------------------------+


+------------------------------------------------------+
; General Register Statistics                          ;
+----------------------------------------------+-------+
; Statistic                                    ; Value ;
+----------------------------------------------+-------+
; Total registers                              ; 101   ;
; Number of registers using Synchronous Clear  ; 0     ;
; Number of registers using Synchronous Load   ; 0     ;
; Number of registers using Asynchronous Clear ; 68    ;
; Number of registers using Asynchronous Load  ; 0     ;
; Number of registers using Clock Enable       ; 56    ;
; Number of registers using Preset             ; 0     ;
+----------------------------------------------+-------+


+--------------------------------------------------+
; Inverted Register Statistics                     ;
+----------------------------------------+---------+
; Inverted Register                      ; Fan out ;
+----------------------------------------+---------+
; y_pointer[5]                           ; 3       ;
; y_pointer[4]                           ; 3       ;
; y_pointer[3]                           ; 3       ;
; y_pointer[2]                           ; 3       ;
; x_pointer[6]                           ; 2       ;
; x_pointer[4]                           ; 2       ;
; vga:disp|vga_output_data[24]           ; 1       ;
; vga:disp|vga_output_data[25]           ; 1       ;
; Total number of inverted registers = 8 ;         ;
+----------------------------------------+---------+


+---------------------------------------------------------------------------------------------------+
; Source assignments for memory:mem1|altsyncram:altsyncram_component|altsyncram_6pn1:auto_generated ;
+---------------------------------+--------------------+------+-------------------------------------+
; Assignment                      ; Value              ; From ; To                                  ;
+---------------------------------+--------------------+------+-------------------------------------+
; OPTIMIZE_POWER_DURING_SYNTHESIS ; NORMAL_COMPILATION ; -    ; -                                   ;
+---------------------------------+--------------------+------+-------------------------------------+


+---------------------------------------------------------------------------------------------------+
; Source assignments for memory:mem2|altsyncram:altsyncram_component|altsyncram_6pn1:auto_generated ;
+---------------------------------+--------------------+------+-------------------------------------+
; Assignment                      ; Value              ; From ; To                                  ;
+---------------------------------+--------------------+------+-------------------------------------+
; OPTIMIZE_POWER_DURING_SYNTHESIS ; NORMAL_COMPILATION ; -    ; -                                   ;
+---------------------------------+--------------------+------+-------------------------------------+


+---------------------------------------------------------------------------------------------------+
; Source assignments for memory:mem3|altsyncram:altsyncram_component|altsyncram_6pn1:auto_generated ;
+---------------------------------+--------------------+------+-------------------------------------+
; Assignment                      ; Value              ; From ; To                                  ;
+---------------------------------+--------------------+------+-------------------------------------+
; OPTIMIZE_POWER_DURING_SYNTHESIS ; NORMAL_COMPILATION ; -    ; -                                   ;
+---------------------------------+--------------------+------+-------------------------------------+


+------------------------------------------------------------------------------------------+
; Parameter Settings for User Entity Instance: memory:mem1|altsyncram:altsyncram_component ;
+------------------------------------+----------------------+------------------------------+
; Parameter Name                     ; Value                ; Type                         ;
+------------------------------------+----------------------+------------------------------+
; BYTE_SIZE_BLOCK                    ; 8                    ; Untyped                      ;
; AUTO_CARRY_CHAINS                  ; ON                   ; AUTO_CARRY                   ;
; IGNORE_CARRY_BUFFERS               ; OFF                  ; IGNORE_CARRY                 ;
; AUTO_CASCADE_CHAINS                ; ON                   ; AUTO_CASCADE                 ;
; IGNORE_CASCADE_BUFFERS             ; OFF                  ; IGNORE_CASCADE               ;
; WIDTH_BYTEENA                      ; 1                    ; Untyped                      ;
; OPERATION_MODE                     ; DUAL_PORT            ; Untyped                      ;
; WIDTH_A                            ; 1                    ; Signed Integer               ;
; WIDTHAD_A                          ; 15                   ; Signed Integer               ;
; NUMWORDS_A                         ; 32768                ; Signed Integer               ;
; OUTDATA_REG_A                      ; UNREGISTERED         ; Untyped                      ;
; ADDRESS_ACLR_A                     ; NONE                 ; Untyped                      ;
; OUTDATA_ACLR_A                     ; NONE                 ; Untyped                      ;
; WRCONTROL_ACLR_A                   ; NONE                 ; Untyped                      ;
; INDATA_ACLR_A                      ; NONE                 ; Untyped                      ;
; BYTEENA_ACLR_A                     ; NONE                 ; Untyped                      ;
; WIDTH_B                            ; 1                    ; Signed Integer               ;
; WIDTHAD_B                          ; 15                   ; Signed Integer               ;
; NUMWORDS_B                         ; 32768                ; Signed Integer               ;
; INDATA_REG_B                       ; CLOCK1               ; Untyped                      ;
; WRCONTROL_WRADDRESS_REG_B          ; CLOCK1               ; Untyped                      ;
; RDCONTROL_REG_B                    ; CLOCK1               ; Untyped                      ;
; ADDRESS_REG_B                      ; CLOCK0               ; Untyped                      ;
; OUTDATA_REG_B                      ; CLOCK0               ; Untyped                      ;
; BYTEENA_REG_B                      ; CLOCK1               ; Untyped                      ;
; INDATA_ACLR_B                      ; NONE                 ; Untyped                      ;
; WRCONTROL_ACLR_B                   ; NONE                 ; Untyped                      ;
; ADDRESS_ACLR_B                     ; NONE                 ; Untyped                      ;
; OUTDATA_ACLR_B                     ; NONE                 ; Untyped                      ;
; RDCONTROL_ACLR_B                   ; NONE                 ; Untyped                      ;
; BYTEENA_ACLR_B                     ; NONE                 ; Untyped                      ;
; WIDTH_BYTEENA_A                    ; 1                    ; Signed Integer               ;
; WIDTH_BYTEENA_B                    ; 1                    ; Untyped                      ;
; RAM_BLOCK_TYPE                     ; AUTO                 ; Untyped                      ;
; BYTE_SIZE                          ; 8                    ; Untyped                      ;
; READ_DURING_WRITE_MODE_MIXED_PORTS ; DONT_CARE            ; Untyped                      ;
; READ_DURING_WRITE_MODE_PORT_A      ; NEW_DATA_NO_NBE_READ ; Untyped                      ;
; READ_DURING_WRITE_MODE_PORT_B      ; NEW_DATA_NO_NBE_READ ; Untyped                      ;
; INIT_FILE                          ; UNUSED               ; Untyped                      ;
; INIT_FILE_LAYOUT                   ; PORT_A               ; Untyped                      ;
; MAXIMUM_DEPTH                      ; 0                    ; Untyped                      ;
; CLOCK_ENABLE_INPUT_A               ; BYPASS               ; Untyped                      ;
; CLOCK_ENABLE_INPUT_B               ; BYPASS               ; Untyped                      ;
; CLOCK_ENABLE_OUTPUT_A              ; NORMAL               ; Untyped                      ;
; CLOCK_ENABLE_OUTPUT_B              ; BYPASS               ; Untyped                      ;
; CLOCK_ENABLE_CORE_A                ; USE_INPUT_CLKEN      ; Untyped                      ;
; CLOCK_ENABLE_CORE_B                ; USE_INPUT_CLKEN      ; Untyped                      ;
; ENABLE_ECC                         ; FALSE                ; Untyped                      ;
; ECC_PIPELINE_STAGE_ENABLED         ; FALSE                ; Untyped                      ;
; WIDTH_ECCSTATUS                    ; 3                    ; Untyped                      ;
; DEVICE_FAMILY                      ; Cyclone IV E         ; Untyped                      ;
; CBXI_PARAMETER                     ; altsyncram_6pn1      ; Untyped                      ;
+------------------------------------+----------------------+------------------------------+
Note: In order to hide this table in the UI and the text report file, please set the "Show Parameter Settings in Synthesis Report" option in "Analysis and Synthesis Settings -> More Settings" to "Off".


+------------------------------------------------------------------------------------------+
; Parameter Settings for User Entity Instance: memory:mem2|altsyncram:altsyncram_component ;
+------------------------------------+----------------------+------------------------------+
; Parameter Name                     ; Value                ; Type                         ;
+------------------------------------+----------------------+------------------------------+
; BYTE_SIZE_BLOCK                    ; 8                    ; Untyped                      ;
; AUTO_CARRY_CHAINS                  ; ON                   ; AUTO_CARRY                   ;
; IGNORE_CARRY_BUFFERS               ; OFF                  ; IGNORE_CARRY                 ;
; AUTO_CASCADE_CHAINS                ; ON                   ; AUTO_CASCADE                 ;
; IGNORE_CASCADE_BUFFERS             ; OFF                  ; IGNORE_CASCADE               ;
; WIDTH_BYTEENA                      ; 1                    ; Untyped                      ;
; OPERATION_MODE                     ; DUAL_PORT            ; Untyped                      ;
; WIDTH_A                            ; 1                    ; Signed Integer               ;
; WIDTHAD_A                          ; 15                   ; Signed Integer               ;
; NUMWORDS_A                         ; 32768                ; Signed Integer               ;
; OUTDATA_REG_A                      ; UNREGISTERED         ; Untyped                      ;
; ADDRESS_ACLR_A                     ; NONE                 ; Untyped                      ;
; OUTDATA_ACLR_A                     ; NONE                 ; Untyped                      ;
; WRCONTROL_ACLR_A                   ; NONE                 ; Untyped                      ;
; INDATA_ACLR_A                      ; NONE                 ; Untyped                      ;
; BYTEENA_ACLR_A                     ; NONE                 ; Untyped                      ;
; WIDTH_B                            ; 1                    ; Signed Integer               ;
; WIDTHAD_B                          ; 15                   ; Signed Integer               ;
; NUMWORDS_B                         ; 32768                ; Signed Integer               ;
; INDATA_REG_B                       ; CLOCK1               ; Untyped                      ;
; WRCONTROL_WRADDRESS_REG_B          ; CLOCK1               ; Untyped                      ;
; RDCONTROL_REG_B                    ; CLOCK1               ; Untyped                      ;
; ADDRESS_REG_B                      ; CLOCK0               ; Untyped                      ;
; OUTDATA_REG_B                      ; CLOCK0               ; Untyped                      ;
; BYTEENA_REG_B                      ; CLOCK1               ; Untyped                      ;
; INDATA_ACLR_B                      ; NONE                 ; Untyped                      ;
; WRCONTROL_ACLR_B                   ; NONE                 ; Untyped                      ;
; ADDRESS_ACLR_B                     ; NONE                 ; Untyped                      ;
; OUTDATA_ACLR_B                     ; NONE                 ; Untyped                      ;
; RDCONTROL_ACLR_B                   ; NONE                 ; Untyped                      ;
; BYTEENA_ACLR_B                     ; NONE                 ; Untyped                      ;
; WIDTH_BYTEENA_A                    ; 1                    ; Signed Integer               ;
; WIDTH_BYTEENA_B                    ; 1                    ; Untyped                      ;
; RAM_BLOCK_TYPE                     ; AUTO                 ; Untyped                      ;
; BYTE_SIZE                          ; 8                    ; Untyped                      ;
; READ_DURING_WRITE_MODE_MIXED_PORTS ; DONT_CARE            ; Untyped                      ;
; READ_DURING_WRITE_MODE_PORT_A      ; NEW_DATA_NO_NBE_READ ; Untyped                      ;
; READ_DURING_WRITE_MODE_PORT_B      ; NEW_DATA_NO_NBE_READ ; Untyped                      ;
; INIT_FILE                          ; UNUSED               ; Untyped                      ;
; INIT_FILE_LAYOUT                   ; PORT_A               ; Untyped                      ;
; MAXIMUM_DEPTH                      ; 0                    ; Untyped                      ;
; CLOCK_ENABLE_INPUT_A               ; BYPASS               ; Untyped                      ;
; CLOCK_ENABLE_INPUT_B               ; BYPASS               ; Untyped                      ;
; CLOCK_ENABLE_OUTPUT_A              ; NORMAL               ; Untyped                      ;
; CLOCK_ENABLE_OUTPUT_B              ; BYPASS               ; Untyped                      ;
; CLOCK_ENABLE_CORE_A                ; USE_INPUT_CLKEN      ; Untyped                      ;
; CLOCK_ENABLE_CORE_B                ; USE_INPUT_CLKEN      ; Untyped                      ;
; ENABLE_ECC                         ; FALSE                ; Untyped                      ;
; ECC_PIPELINE_STAGE_ENABLED         ; FALSE                ; Untyped                      ;
; WIDTH_ECCSTATUS                    ; 3                    ; Untyped                      ;
; DEVICE_FAMILY                      ; Cyclone IV E         ; Untyped                      ;
; CBXI_PARAMETER                     ; altsyncram_6pn1      ; Untyped                      ;
+------------------------------------+----------------------+------------------------------+
Note: In order to hide this table in the UI and the text report file, please set the "Show Parameter Settings in Synthesis Report" option in "Analysis and Synthesis Settings -> More Settings" to "Off".


+------------------------------------------------------------------------------------------+
; Parameter Settings for User Entity Instance: memory:mem3|altsyncram:altsyncram_component ;
+------------------------------------+----------------------+------------------------------+
; Parameter Name                     ; Value                ; Type                         ;
+------------------------------------+----------------------+------------------------------+
; BYTE_SIZE_BLOCK                    ; 8                    ; Untyped                      ;
; AUTO_CARRY_CHAINS                  ; ON                   ; AUTO_CARRY                   ;
; IGNORE_CARRY_BUFFERS               ; OFF                  ; IGNORE_CARRY                 ;
; AUTO_CASCADE_CHAINS                ; ON                   ; AUTO_CASCADE                 ;
; IGNORE_CASCADE_BUFFERS             ; OFF                  ; IGNORE_CASCADE               ;
; WIDTH_BYTEENA                      ; 1                    ; Untyped                      ;
; OPERATION_MODE                     ; DUAL_PORT            ; Untyped                      ;
; WIDTH_A                            ; 1                    ; Signed Integer               ;
; WIDTHAD_A                          ; 15                   ; Signed Integer               ;
; NUMWORDS_A                         ; 32768                ; Signed Integer               ;
; OUTDATA_REG_A                      ; UNREGISTERED         ; Untyped                      ;
; ADDRESS_ACLR_A                     ; NONE                 ; Untyped                      ;
; OUTDATA_ACLR_A                     ; NONE                 ; Untyped                      ;
; WRCONTROL_ACLR_A                   ; NONE                 ; Untyped                      ;
; INDATA_ACLR_A                      ; NONE                 ; Untyped                      ;
; BYTEENA_ACLR_A                     ; NONE                 ; Untyped                      ;
; WIDTH_B                            ; 1                    ; Signed Integer               ;
; WIDTHAD_B                          ; 15                   ; Signed Integer               ;
; NUMWORDS_B                         ; 32768                ; Signed Integer               ;
; INDATA_REG_B                       ; CLOCK1               ; Untyped                      ;
; WRCONTROL_WRADDRESS_REG_B          ; CLOCK1               ; Untyped                      ;
; RDCONTROL_REG_B                    ; CLOCK1               ; Untyped                      ;
; ADDRESS_REG_B                      ; CLOCK0               ; Untyped                      ;
; OUTDATA_REG_B                      ; CLOCK0               ; Untyped                      ;
; BYTEENA_REG_B                      ; CLOCK1               ; Untyped                      ;
; INDATA_ACLR_B                      ; NONE                 ; Untyped                      ;
; WRCONTROL_ACLR_B                   ; NONE                 ; Untyped                      ;
; ADDRESS_ACLR_B                     ; NONE                 ; Untyped                      ;
; OUTDATA_ACLR_B                     ; NONE                 ; Untyped                      ;
; RDCONTROL_ACLR_B                   ; NONE                 ; Untyped                      ;
; BYTEENA_ACLR_B                     ; NONE                 ; Untyped                      ;
; WIDTH_BYTEENA_A                    ; 1                    ; Signed Integer               ;
; WIDTH_BYTEENA_B                    ; 1                    ; Untyped                      ;
; RAM_BLOCK_TYPE                     ; AUTO                 ; Untyped                      ;
; BYTE_SIZE                          ; 8                    ; Untyped                      ;
; READ_DURING_WRITE_MODE_MIXED_PORTS ; DONT_CARE            ; Untyped                      ;
; READ_DURING_WRITE_MODE_PORT_A      ; NEW_DATA_NO_NBE_READ ; Untyped                      ;
; READ_DURING_WRITE_MODE_PORT_B      ; NEW_DATA_NO_NBE_READ ; Untyped                      ;
; INIT_FILE                          ; UNUSED               ; Untyped                      ;
; INIT_FILE_LAYOUT                   ; PORT_A               ; Untyped                      ;
; MAXIMUM_DEPTH                      ; 0                    ; Untyped                      ;
; CLOCK_ENABLE_INPUT_A               ; BYPASS               ; Untyped                      ;
; CLOCK_ENABLE_INPUT_B               ; BYPASS               ; Untyped                      ;
; CLOCK_ENABLE_OUTPUT_A              ; NORMAL               ; Untyped                      ;
; CLOCK_ENABLE_OUTPUT_B              ; BYPASS               ; Untyped                      ;
; CLOCK_ENABLE_CORE_A                ; USE_INPUT_CLKEN      ; Untyped                      ;
; CLOCK_ENABLE_CORE_B                ; USE_INPUT_CLKEN      ; Untyped                      ;
; ENABLE_ECC                         ; FALSE                ; Untyped                      ;
; ECC_PIPELINE_STAGE_ENABLED         ; FALSE                ; Untyped                      ;
; WIDTH_ECCSTATUS                    ; 3                    ; Untyped                      ;
; DEVICE_FAMILY                      ; Cyclone IV E         ; Untyped                      ;
; CBXI_PARAMETER                     ; altsyncram_6pn1      ; Untyped                      ;
+------------------------------------+----------------------+------------------------------+
Note: In order to hide this table in the UI and the text report file, please set the "Show Parameter Settings in Synthesis Report" option in "Analysis and Synthesis Settings -> More Settings" to "Off".


+-----------------------------------------------------------------------------------------+
; altsyncram Parameter Settings by Entity Instance                                        ;
+-------------------------------------------+---------------------------------------------+
; Name                                      ; Value                                       ;
+-------------------------------------------+---------------------------------------------+
; Number of entity instances                ; 3                                           ;
; Entity Instance                           ; memory:mem1|altsyncram:altsyncram_component ;
;     -- OPERATION_MODE                     ; DUAL_PORT                                   ;
;     -- WIDTH_A                            ; 1                                           ;
;     -- NUMWORDS_A                         ; 32768                                       ;
;     -- OUTDATA_REG_A                      ; UNREGISTERED                                ;
;     -- WIDTH_B                            ; 1                                           ;
;     -- NUMWORDS_B                         ; 32768                                       ;
;     -- ADDRESS_REG_B                      ; CLOCK0                                      ;
;     -- OUTDATA_REG_B                      ; CLOCK0                                      ;
;     -- RAM_BLOCK_TYPE                     ; AUTO                                        ;
;     -- READ_DURING_WRITE_MODE_MIXED_PORTS ; DONT_CARE                                   ;
; Entity Instance                           ; memory:mem2|altsyncram:altsyncram_component ;
;     -- OPERATION_MODE                     ; DUAL_PORT                                   ;
;     -- WIDTH_A                            ; 1                                           ;
;     -- NUMWORDS_A                         ; 32768                                       ;
;     -- OUTDATA_REG_A                      ; UNREGISTERED                                ;
;     -- WIDTH_B                            ; 1                                           ;
;     -- NUMWORDS_B                         ; 32768                                       ;
;     -- ADDRESS_REG_B                      ; CLOCK0                                      ;
;     -- OUTDATA_REG_B                      ; CLOCK0                                      ;
;     -- RAM_BLOCK_TYPE                     ; AUTO                                        ;
;     -- READ_DURING_WRITE_MODE_MIXED_PORTS ; DONT_CARE                                   ;
; Entity Instance                           ; memory:mem3|altsyncram:altsyncram_component ;
;     -- OPERATION_MODE                     ; DUAL_PORT                                   ;
;     -- WIDTH_A                            ; 1                                           ;
;     -- NUMWORDS_A                         ; 32768                                       ;
;     -- OUTDATA_REG_A                      ; UNREGISTERED                                ;
;     -- WIDTH_B                            ; 1                                           ;
;     -- NUMWORDS_B                         ; 32768                                       ;
;     -- ADDRESS_REG_B                      ; CLOCK0                                      ;
;     -- OUTDATA_REG_B                      ; CLOCK0                                      ;
;     -- RAM_BLOCK_TYPE                     ; AUTO                                        ;
;     -- READ_DURING_WRITE_MODE_MIXED_PORTS ; DONT_CARE                                   ;
+-------------------------------------------+---------------------------------------------+


+--------------------------------------------------------------------------------------------------------------------------------------------------------------------------------------+
; Port Connectivity Checks: "memory:mem3"                                                                                                                                              ;
+-----------+-------+----------+-------------------------------------------------------------------------------------------------------------------------------------------------------+
; Port      ; Type  ; Severity ; Details                                                                                                                                               ;
+-----------+-------+----------+-------------------------------------------------------------------------------------------------------------------------------------------------------+
; data      ; Input ; Info     ; Stuck at VCC                                                                                                                                          ;
; rdaddress ; Input ; Warning  ; Input port expression (14 bits) is smaller than the input port (15 bits) it drives.  Extra input bit(s) "rdaddress[14..14]" will be connected to GND. ;
; wraddress ; Input ; Warning  ; Input port expression (14 bits) is smaller than the input port (15 bits) it drives.  Extra input bit(s) "wraddress[14..14]" will be connected to GND. ;
+-----------+-------+----------+-------------------------------------------------------------------------------------------------------------------------------------------------------+


+--------------------------------------------------------------------------------------------------------------------------------------------------------------------------------------+
; Port Connectivity Checks: "memory:mem2"                                                                                                                                              ;
+-----------+-------+----------+-------------------------------------------------------------------------------------------------------------------------------------------------------+
; Port      ; Type  ; Severity ; Details                                                                                                                                               ;
+-----------+-------+----------+-------------------------------------------------------------------------------------------------------------------------------------------------------+
; data      ; Input ; Info     ; Stuck at VCC                                                                                                                                          ;
; rdaddress ; Input ; Warning  ; Input port expression (14 bits) is smaller than the input port (15 bits) it drives.  Extra input bit(s) "rdaddress[14..14]" will be connected to GND. ;
; wraddress ; Input ; Warning  ; Input port expression (14 bits) is smaller than the input port (15 bits) it drives.  Extra input bit(s) "wraddress[14..14]" will be connected to GND. ;
+-----------+-------+----------+-------------------------------------------------------------------------------------------------------------------------------------------------------+


+--------------------------------------------------------------------------------------------------------------------------------------------------------------------------------------+
; Port Connectivity Checks: "memory:mem1"                                                                                                                                              ;
+-----------+-------+----------+-------------------------------------------------------------------------------------------------------------------------------------------------------+
; Port      ; Type  ; Severity ; Details                                                                                                                                               ;
+-----------+-------+----------+-------------------------------------------------------------------------------------------------------------------------------------------------------+
; data      ; Input ; Info     ; Stuck at VCC                                                                                                                                          ;
; rdaddress ; Input ; Warning  ; Input port expression (14 bits) is smaller than the input port (15 bits) it drives.  Extra input bit(s) "rdaddress[14..14]" will be connected to GND. ;
; wraddress ; Input ; Warning  ; Input port expression (14 bits) is smaller than the input port (15 bits) it drives.  Extra input bit(s) "wraddress[14..14]" will be connected to GND. ;
+-----------+-------+----------+-------------------------------------------------------------------------------------------------------------------------------------------------------+


+-------------------------------------------------------------------------------------------------------------------+
; Port Connectivity Checks: "vga:disp"                                                                              ;
+---------+--------+----------+-------------------------------------------------------------------------------------+
; Port    ; Type   ; Severity ; Details                                                                             ;
+---------+--------+----------+-------------------------------------------------------------------------------------+
; x[1..0] ; Output ; Info     ; Connected to dangling logic. Logic that only feeds a dangling port will be removed. ;
; y[1..0] ; Output ; Info     ; Connected to dangling logic. Logic that only feeds a dangling port will be removed. ;
+---------+--------+----------+-------------------------------------------------------------------------------------+


+-----------------------------------------------------+
; Post-Synthesis Netlist Statistics for Top Partition ;
+-----------------------+-----------------------------+
; Type                  ; Count                       ;
+-----------------------+-----------------------------+
; boundary_port         ; 38                          ;
; cycloneiii_ff         ; 101                         ;
;     CLR               ; 43                          ;
;     ENA               ; 31                          ;
;     ENA CLR           ; 25                          ;
;     plain             ; 2                           ;
; cycloneiii_lcell_comb ; 154                         ;
;     arith             ; 84                          ;
;         2 data inputs ; 56                          ;
;         3 data inputs ; 28                          ;
;     normal            ; 70                          ;
;         1 data inputs ; 13                          ;
;         2 data inputs ; 28                          ;
;         3 data inputs ; 8                           ;
;         4 data inputs ; 21                          ;
; cycloneiii_ram_block  ; 6                           ;
;                       ;                             ;
; Max LUT depth         ; 4.30                        ;
; Average LUT depth     ; 2.48                        ;
+-----------------------+-----------------------------+


+-------------------------------+
; Elapsed Time Per Partition    ;
+----------------+--------------+
; Partition Name ; Elapsed Time ;
+----------------+--------------+
; Top            ; 00:00:00     ;
+----------------+--------------+


+-------------------------------+
; Analysis & Synthesis Messages ;
+-------------------------------+
Info: *******************************************************************
Info: Running Quartus Prime Analysis & Synthesis
    Info: Version 16.1.0 Build 196 10/24/2016 SJ Lite Edition
    Info: Processing started: Tue Nov 22 13:42:01 2022
Info: Command: quartus_map --read_settings_files=on --write_settings_files=off eicherbe_etch -c eicherbe_etch
Warning (18236): Number of processors has not been specified which may cause overloading on shared machines.  Set the global assignment NUM_PARALLEL_PROCESSORS in your QSF to an appropriate value for best performance.
Info (20030): Parallel compilation is enabled and will use 4 of the 4 processors detected
Info (12021): Found 1 design units, including 1 entities, in source file double_counter_800x525.v
    Info (12023): Found entity 1: double_counter_800x525 File: M:/ECE287/EtchASketch/Project/double_counter_800x525.v Line: 1
Info (12021): Found 1 design units, including 1 entities, in source file vga.v
    Info (12023): Found entity 1: vga File: M:/ECE287/EtchASketch/Project/vga.v Line: 1
Warning (10229): Verilog HDL Expression warning at eicherbe_etch.v(84): truncated literal to match 2 bits File: M:/ECE287/EtchASketch/Project/eicherbe_etch.v Line: 84
Info (12021): Found 1 design units, including 1 entities, in source file eicherbe_etch.v
    Info (12023): Found entity 1: eicherbe_etch File: M:/ECE287/EtchASketch/Project/eicherbe_etch.v Line: 1
Info (12021): Found 1 design units, including 1 entities, in source file memory.v
    Info (12023): Found entity 1: memory File: M:/ECE287/EtchASketch/Project/memory.v Line: 40
Info (12127): Elaborating entity "eicherbe_etch" for the top level hierarchy
Warning (10230): Verilog HDL assignment warning at eicherbe_etch.v(25): truncated value with size 32 to match size of target (14) File: M:/ECE287/EtchASketch/Project/eicherbe_etch.v Line: 25
Warning (10230): Verilog HDL assignment warning at eicherbe_etch.v(28): truncated value with size 32 to match size of target (14) File: M:/ECE287/EtchASketch/Project/eicherbe_etch.v Line: 28
Info (12128): Elaborating entity "vga" for hierarchy "vga:disp" File: M:/ECE287/EtchASketch/Project/eicherbe_etch.v Line: 17
Info (12128): Elaborating entity "double_counter_800x525" for hierarchy "vga:disp|double_counter_800x525:counter" File: M:/ECE287/EtchASketch/Project/vga.v Line: 9
Info (12128): Elaborating entity "memory" for hierarchy "memory:mem1" File: M:/ECE287/EtchASketch/Project/eicherbe_etch.v Line: 39
Info (12128): Elaborating entity "altsyncram" for hierarchy "memory:mem1|altsyncram:altsyncram_component" File: M:/ECE287/EtchASketch/Project/memory.v Line: 89
Info (12130): Elaborated megafunction instantiation "memory:mem1|altsyncram:altsyncram_component" File: M:/ECE287/EtchASketch/Project/memory.v Line: 89
Info (12133): Instantiated megafunction "memory:mem1|altsyncram:altsyncram_component" with the following parameter: File: M:/ECE287/EtchASketch/Project/memory.v Line: 89
    Info (12134): Parameter "address_aclr_b" = "NONE"
    Info (12134): Parameter "address_reg_b" = "CLOCK0"
    Info (12134): Parameter "clock_enable_input_a" = "BYPASS"
    Info (12134): Parameter "clock_enable_input_b" = "BYPASS"
    Info (12134): Parameter "clock_enable_output_b" = "BYPASS"
    Info (12134): Parameter "intended_device_family" = "Cyclone IV E"
    Info (12134): Parameter "lpm_type" = "altsyncram"
    Info (12134): Parameter "numwords_a" = "32768"
    Info (12134): Parameter "numwords_b" = "32768"
    Info (12134): Parameter "operation_mode" = "DUAL_PORT"
    Info (12134): Parameter "outdata_aclr_b" = "NONE"
    Info (12134): Parameter "outdata_reg_b" = "CLOCK0"
    Info (12134): Parameter "power_up_uninitialized" = "FALSE"
    Info (12134): Parameter "read_during_write_mode_mixed_ports" = "DONT_CARE"
    Info (12134): Parameter "widthad_a" = "15"
    Info (12134): Parameter "widthad_b" = "15"
    Info (12134): Parameter "width_a" = "1"
    Info (12134): Parameter "width_b" = "1"
    Info (12134): Parameter "width_byteena_a" = "1"
Info (12021): Found 1 design units, including 1 entities, in source file db/altsyncram_6pn1.tdf
    Info (12023): Found entity 1: altsyncram_6pn1 File: M:/ECE287/EtchASketch/Project/db/altsyncram_6pn1.tdf Line: 34
Info (12128): Elaborating entity "altsyncram_6pn1" for hierarchy "memory:mem1|altsyncram:altsyncram_component|altsyncram_6pn1:auto_generated" File: c:/intelfpga_lite/16.1/quartus/libraries/megafunctions/altsyncram.tdf Line: 792
Info (12021): Found 1 design units, including 1 entities, in source file db/decode_msa.tdf
    Info (12023): Found entity 1: decode_msa File: M:/ECE287/EtchASketch/Project/db/decode_msa.tdf Line: 23
Info (12128): Elaborating entity "decode_msa" for hierarchy "memory:mem1|altsyncram:altsyncram_component|altsyncram_6pn1:auto_generated|decode_msa:decode2" File: M:/ECE287/EtchASketch/Project/db/altsyncram_6pn1.tdf Line: 46
Info (12021): Found 1 design units, including 1 entities, in source file db/decode_f8a.tdf
    Info (12023): Found entity 1: decode_f8a File: M:/ECE287/EtchASketch/Project/db/decode_f8a.tdf Line: 23
Info (12128): Elaborating entity "decode_f8a" for hierarchy "memory:mem1|altsyncram:altsyncram_component|altsyncram_6pn1:auto_generated|decode_f8a:rden_decode_b" File: M:/ECE287/EtchASketch/Project/db/altsyncram_6pn1.tdf Line: 47
Info (12021): Found 1 design units, including 1 entities, in source file db/mux_vmb.tdf
    Info (12023): Found entity 1: mux_vmb File: M:/ECE287/EtchASketch/Project/db/mux_vmb.tdf Line: 23
Info (12128): Elaborating entity "mux_vmb" for hierarchy "memory:mem1|altsyncram:altsyncram_component|altsyncram_6pn1:auto_generated|mux_vmb:mux3" File: M:/ECE287/EtchASketch/Project/db/altsyncram_6pn1.tdf Line: 49
Warning (14284): Synthesized away the following node(s):
    Warning (14285): Synthesized away the following RAM node(s):
        Warning (14320): Synthesized away node "memory:mem3|altsyncram:altsyncram_component|altsyncram_6pn1:auto_generated|ram_block1a2" File: M:/ECE287/EtchASketch/Project/db/altsyncram_6pn1.tdf Line: 116
        Warning (14320): Synthesized away node "memory:mem2|altsyncram:altsyncram_component|altsyncram_6pn1:auto_generated|ram_block1a2" File: M:/ECE287/EtchASketch/Project/db/altsyncram_6pn1.tdf Line: 116
        Warning (14320): Synthesized away node "memory:mem1|altsyncram:altsyncram_component|altsyncram_6pn1:auto_generated|ram_block1a2" File: M:/ECE287/EtchASketch/Project/db/altsyncram_6pn1.tdf Line: 116
Warning (14284): Synthesized away the following node(s):
    Warning (14285): Synthesized away the following RAM node(s):
        Warning (14320): Synthesized away node "memory:mem1|altsyncram:altsyncram_component|altsyncram_6pn1:auto_generated|ram_block1a3" File: M:/ECE287/EtchASketch/Project/db/altsyncram_6pn1.tdf Line: 149
        Warning (14320): Synthesized away node "memory:mem2|altsyncram:altsyncram_component|altsyncram_6pn1:auto_generated|ram_block1a3" File: M:/ECE287/EtchASketch/Project/db/altsyncram_6pn1.tdf Line: 149
        Warning (14320): Synthesized away node "memory:mem3|altsyncram:altsyncram_component|altsyncram_6pn1:auto_generated|ram_block1a3" File: M:/ECE287/EtchASketch/Project/db/altsyncram_6pn1.tdf Line: 149
Warning (12241): 3 hierarchies have connectivity warnings - see the Connectivity Checks report folder
Info (13000): Registers with preset signals will power-up high File: M:/ECE287/EtchASketch/Project/vga.v Line: 49
Info (13003): DEV_CLRn pin will set, and not reset, register with preset signal due to NOT Gate Push-Back
Info (286030): Timing-Driven Synthesis is running
Info (16010): Generating hard_block partition "hard_block:auto_generated_inst"
    Info (16011): Adding 0 node(s), including 0 DDIO, 0 PLL, 0 transceiver and 0 LCELL
Info (21057): Implemented 226 device resources after synthesis - the final resource count might be different
    Info (21058): Implemented 9 input pins
    Info (21059): Implemented 29 output pins
    Info (21061): Implemented 182 logic cells
    Info (21064): Implemented 6 RAM segments
Info: Quartus Prime Analysis & Synthesis was successful. 0 errors, 15 warnings
    Info: Peak virtual memory: 4779 megabytes
    Info: Processing ended: Tue Nov 22 13:42:12 2022
    Info: Elapsed time: 00:00:11
    Info: Total CPU time (on all processors): 00:00:19


